--- Starting Wrapper v4.0 (Dynamic Path) ---
Found uv at: C:\Users\ibtas\AppData\Local\Programs\Python\Python313\Scripts\uv.EXE
Process started successfully.
--- Starting Wrapper v4.0 (Dynamic Path) ---
Found uv at: C:\Users\ibtas\AppData\Local\Programs\Python\Python313\Scripts\uv.EXE
Process started successfully.
Filtered: ┌───── 🚀 FastMCP Ser...
Filtered: │ Starting NotebookL...
Filtered: │ Mode: GUI         ...
Filtered: │ Transport: STDIO  ...
Filtered: │                   ...
Filtered: │                   ...
Filtered: │ Notebook: None    ...
Filtered: │ Working Directory:...
Filtered: │ Profile: ./chrome_...
Filtered: │ Debug: False      ...
Filtered: └───────────────────...
Filtered: 📁 Set working direct...
Passed JSON
Passed JSON
Passed JSON
Passed JSON
Passed JSON
Passed JSON
